<?xml version="1.0" encoding="UTF-8"?>
<coverage generated="1582812943247" clover="3.2.0">
  <project timestamp="1582812943247" name="All files">
    <metrics statements="18" coveredstatements="18" conditionals="38" coveredconditionals="37" methods="5" coveredmethods="5" elements="61" coveredelements="60" complexity="0" loc="18" ncloc="18" packages="4" files="11" classes="11"/>
    <package name="assets">
      <metrics statements="2" coveredstatements="2" conditionals="2" coveredconditionals="1" methods="0" coveredmethods="0"/>
      <file name="fonts.ts" path="/Users/mihaicociurca/Desktop/FeedExercise/App/assets/fonts.ts">
        <metrics statements="1" coveredstatements="1" conditionals="2" coveredconditionals="1" methods="0" coveredmethods="0"/>
        <line num="3" count="3" type="cond" truecount="1" falsecount="1"/>
      </file>
      <file name="images.ts" path="/Users/mihaicociurca/Desktop/FeedExercise/App/assets/images.ts">
        <metrics statements="1" coveredstatements="1" conditionals="0" coveredconditionals="0" methods="0" coveredmethods="0"/>
        <line num="1" count="1" type="stmt"/>
      </file>
    </package>
    <package name="assets.images">
      <metrics statements="3" coveredstatements="3" conditionals="0" coveredconditionals="0" methods="0" coveredmethods="0"/>
      <file name="chevron-left.png" path="/Users/mihaicociurca/Desktop/FeedExercise/App/assets/images/chevron-left.png">
        <metrics statements="1" coveredstatements="1" conditionals="0" coveredconditionals="0" methods="0" coveredmethods="0"/>
        <line num="1" count="1" type="stmt"/>
      </file>
      <file name="heart.png" path="/Users/mihaicociurca/Desktop/FeedExercise/App/assets/images/heart.png">
        <metrics statements="1" coveredstatements="1" conditionals="0" coveredconditionals="0" methods="0" coveredmethods="0"/>
        <line num="1" count="1" type="stmt"/>
      </file>
      <file name="message-circle.png" path="/Users/mihaicociurca/Desktop/FeedExercise/App/assets/images/message-circle.png">
        <metrics statements="1" coveredstatements="1" conditionals="0" coveredconditionals="0" methods="0" coveredmethods="0"/>
        <line num="1" count="1" type="stmt"/>
      </file>
    </package>
    <package name="components">
      <metrics statements="12" coveredstatements="12" conditionals="36" coveredconditionals="36" methods="5" coveredmethods="5"/>
      <file name="Divider.tsx" path="/Users/mihaicociurca/Desktop/FeedExercise/App/components/Divider.tsx">
        <metrics statements="2" coveredstatements="2" conditionals="0" coveredconditionals="0" methods="1" coveredmethods="1"/>
        <line num="9" count="10" type="stmt"/>
        <line num="14" count="2" type="stmt"/>
      </file>
      <file name="InfoView.tsx" path="/Users/mihaicociurca/Desktop/FeedExercise/App/components/InfoView.tsx">
        <metrics statements="2" coveredstatements="2" conditionals="0" coveredconditionals="0" methods="1" coveredmethods="1"/>
        <line num="13" count="4" type="stmt"/>
        <line num="21" count="1" type="stmt"/>
      </file>
      <file name="PostCell.tsx" path="/Users/mihaicociurca/Desktop/FeedExercise/App/components/PostCell.tsx">
        <metrics statements="2" coveredstatements="2" conditionals="17" coveredconditionals="17" methods="1" coveredmethods="1"/>
        <line num="21" count="6" type="stmt"/>
        <line num="58" count="1" type="stmt"/>
      </file>
      <file name="UserHeader.tsx" path="/Users/mihaicociurca/Desktop/FeedExercise/App/components/UserHeader.tsx">
        <metrics statements="3" coveredstatements="3" conditionals="10" coveredconditionals="10" methods="1" coveredmethods="1"/>
        <line num="7" count="2" type="stmt"/>
        <line num="18" count="5" type="stmt"/>
        <line num="43" count="2" type="stmt"/>
      </file>
      <file name="UserPost.tsx" path="/Users/mihaicociurca/Desktop/FeedExercise/App/components/UserPost.tsx">
        <metrics statements="3" coveredstatements="3" conditionals="9" coveredconditionals="9" methods="1" coveredmethods="1"/>
        <line num="8" count="1" type="stmt"/>
        <line num="15" count="4" type="stmt"/>
        <line num="37" count="1" type="stmt"/>
      </file>
    </package>
    <package name="utils">
      <metrics statements="1" coveredstatements="1" conditionals="0" coveredconditionals="0" methods="0" coveredmethods="0"/>
      <file name="colors.ts" path="/Users/mihaicociurca/Desktop/FeedExercise/App/utils/colors.ts">
        <metrics statements="1" coveredstatements="1" conditionals="0" coveredconditionals="0" methods="0" coveredmethods="0"/>
        <line num="1" count="3" type="stmt"/>
      </file>
    </package>
  </project>
</coverage>
