{"/Users/mihaicociurca/Desktop/FeedExercise/App/assets/fonts.ts": {"path":"/Users/mihaicociurca/Desktop/FeedExercise/App/assets/fonts.ts","statementMap":{"0":{"start":{"line":3,"column":14},"end":{"line":41,"column":1}}},"fnMap":{},"branchMap":{"0":{"loc":{"start":{"line":3,"column":14},"end":{"line":41,"column":1}},"type":"cond-expr","locations":[{"start":{"line":3,"column":37},"end":{"line":22,"column":1}},{"start":{"line":22,"column":4},"end":{"line":41,"column":1}}],"line":3}},"s":{"0":3},"f":{},"b":{"0":[3,0]},"_coverageSchema":"43e27e138ebf9cfc5966b082cf9a028302ed4184","hash":"a2220979c0bb73e95417d21a23cd271d3feca734"}
,"/Users/mihaicociurca/Desktop/FeedExercise/App/assets/images.ts": {"path":"/Users/mihaicociurca/Desktop/FeedExercise/App/assets/images.ts","statementMap":{"0":{"start":{"line":1,"column":15},"end":{"line":5,"column":1}}},"fnMap":{},"branchMap":{},"s":{"0":1},"f":{},"b":{},"_coverageSchema":"43e27e138ebf9cfc5966b082cf9a028302ed4184","hash":"45be13bfdc5d6ea81692d6f9a14c7460070c570e"}
,"/Users/mihaicociurca/Desktop/FeedExercise/App/assets/images/chevron-left.png": {"path":"/Users/mihaicociurca/Desktop/FeedExercise/App/assets/images/chevron-left.png","statementMap":{"0":{"start":{"line":1,"column":0},"end":{"line":4,"column":6}}},"fnMap":{},"branchMap":{},"s":{"0":1},"f":{},"b":{},"_coverageSchema":"43e27e138ebf9cfc5966b082cf9a028302ed4184","hash":"8ab12805aa2f4773176348addcbced0b96ffe347"}
,"/Users/mihaicociurca/Desktop/FeedExercise/App/assets/images/heart.png": {"path":"/Users/mihaicociurca/Desktop/FeedExercise/App/assets/images/heart.png","statementMap":{"0":{"start":{"line":1,"column":0},"end":{"line":4,"column":6}}},"fnMap":{},"branchMap":{},"s":{"0":1},"f":{},"b":{},"_coverageSchema":"43e27e138ebf9cfc5966b082cf9a028302ed4184","hash":"d01de678d7bc72840f2c5bac1022d243558c9d1f"}
,"/Users/mihaicociurca/Desktop/FeedExercise/App/assets/images/message-circle.png": {"path":"/Users/mihaicociurca/Desktop/FeedExercise/App/assets/images/message-circle.png","statementMap":{"0":{"start":{"line":1,"column":0},"end":{"line":4,"column":6}}},"fnMap":{},"branchMap":{},"s":{"0":1},"f":{},"b":{},"_coverageSchema":"43e27e138ebf9cfc5966b082cf9a028302ed4184","hash":"b41b64a709de5e03f9c3a6b8cd2fde4499142ffd"}
,"/Users/mihaicociurca/Desktop/FeedExercise/App/components/Divider.tsx": {"path":"/Users/mihaicociurca/Desktop/FeedExercise/App/components/Divider.tsx","statementMap":{"0":{"start":{"line":9,"column":4},"end":{"line":11,"column":5}},"1":{"start":{"line":14,"column":15},"end":{"line":21,"column":2}}},"fnMap":{"0":{"name":"Divider","decl":{"start":{"line":8,"column":24},"end":{"line":8,"column":31}},"loc":{"start":{"line":8,"column":62},"end":{"line":12,"column":1}},"line":8}},"branchMap":{},"s":{"0":10,"1":2},"f":{"0":10},"b":{},"_coverageSchema":"43e27e138ebf9cfc5966b082cf9a028302ed4184","hash":"75c90c2457718eff1caaf98beaa66bfc99717e44"}
,"/Users/mihaicociurca/Desktop/FeedExercise/App/components/InfoView.tsx": {"path":"/Users/mihaicociurca/Desktop/FeedExercise/App/components/InfoView.tsx","statementMap":{"0":{"start":{"line":13,"column":4},"end":{"line":18,"column":5}},"1":{"start":{"line":21,"column":15},"end":{"line":38,"column":2}}},"fnMap":{"0":{"name":"InfoView","decl":{"start":{"line":12,"column":24},"end":{"line":12,"column":32}},"loc":{"start":{"line":12,"column":88},"end":{"line":19,"column":1}},"line":12}},"branchMap":{},"s":{"0":4,"1":1},"f":{"0":4},"b":{},"_coverageSchema":"43e27e138ebf9cfc5966b082cf9a028302ed4184","hash":"83dcf2f6fadad38ddaec328917e9ca29cb4c538a"}
,"/Users/mihaicociurca/Desktop/FeedExercise/App/components/PostCell.tsx": {"path":"/Users/mihaicociurca/Desktop/FeedExercise/App/components/PostCell.tsx","statementMap":{"0":{"start":{"line":21,"column":4},"end":{"line":54,"column":5}},"1":{"start":{"line":58,"column":15},"end":{"line":97,"column":2}}},"fnMap":{"0":{"name":"PostCell","decl":{"start":{"line":19,"column":24},"end":{"line":19,"column":32}},"loc":{"start":{"line":19,"column":80},"end":{"line":56,"column":1}},"line":19}},"branchMap":{"0":{"loc":{"start":{"line":24,"column":16},"end":{"line":27,"column":24}},"type":"cond-expr","locations":[{"start":{"line":25,"column":20},"end":{"line":25,"column":101}},{"start":{"line":27,"column":20},"end":{"line":27,"column":24}}],"line":24},"1":{"loc":{"start":{"line":24,"column":16},"end":{"line":24,"column":36}},"type":"binary-expr","locations":[{"start":{"line":24,"column":16},"end":{"line":24,"column":20}},{"start":{"line":24,"column":24},"end":{"line":24,"column":36}}],"line":24},"2":{"loc":{"start":{"line":32,"column":20},"end":{"line":34,"column":30}},"type":"cond-expr","locations":[{"start":{"line":33,"column":24},"end":{"line":33,"column":118}},{"start":{"line":34,"column":26},"end":{"line":34,"column":30}}],"line":32},"3":{"loc":{"start":{"line":32,"column":20},"end":{"line":32,"column":44}},"type":"binary-expr","locations":[{"start":{"line":32,"column":20},"end":{"line":32,"column":24}},{"start":{"line":32,"column":28},"end":{"line":32,"column":44}}],"line":32},"4":{"loc":{"start":{"line":38,"column":20},"end":{"line":40,"column":30}},"type":"cond-expr","locations":[{"start":{"line":39,"column":24},"end":{"line":39,"column":87}},{"start":{"line":40,"column":26},"end":{"line":40,"column":30}}],"line":38},"5":{"loc":{"start":{"line":38,"column":20},"end":{"line":38,"column":38}},"type":"binary-expr","locations":[{"start":{"line":38,"column":20},"end":{"line":38,"column":24}},{"start":{"line":38,"column":28},"end":{"line":38,"column":38}}],"line":38},"6":{"loc":{"start":{"line":44,"column":20},"end":{"line":49,"column":30}},"type":"cond-expr","locations":[{"start":{"line":45,"column":24},"end":{"line":48,"column":31}},{"start":{"line":49,"column":26},"end":{"line":49,"column":30}}],"line":44},"7":{"loc":{"start":{"line":44,"column":20},"end":{"line":44,"column":55}},"type":"binary-expr","locations":[{"start":{"line":44,"column":20},"end":{"line":44,"column":24}},{"start":{"line":44,"column":28},"end":{"line":44,"column":38}},{"start":{"line":44,"column":42},"end":{"line":44,"column":55}}],"line":44}},"s":{"0":6,"1":1},"f":{"0":6},"b":{"0":[2,4],"1":[6,5],"2":[2,4],"3":[6,5],"4":[2,4],"5":[6,5],"6":[2,4],"7":[6,5,2]},"_coverageSchema":"43e27e138ebf9cfc5966b082cf9a028302ed4184","hash":"9268369d16afeb1e390c909cd1767c8af1db0c32"}
,"/Users/mihaicociurca/Desktop/FeedExercise/App/components/UserHeader.tsx": {"path":"/Users/mihaicociurca/Desktop/FeedExercise/App/components/UserHeader.tsx","statementMap":{"0":{"start":{"line":7,"column":13},"end":{"line":7,"column":30}},"1":{"start":{"line":18,"column":4},"end":{"line":40,"column":5}},"2":{"start":{"line":43,"column":15},"end":{"line":65,"column":2}}},"fnMap":{"0":{"name":"UserHeader","decl":{"start":{"line":17,"column":24},"end":{"line":17,"column":34}},"loc":{"start":{"line":17,"column":96},"end":{"line":41,"column":1}},"line":17}},"branchMap":{"0":{"loc":{"start":{"line":21,"column":16},"end":{"line":23,"column":24}},"type":"cond-expr","locations":[{"start":{"line":22,"column":20},"end":{"line":22,"column":85}},{"start":{"line":23,"column":20},"end":{"line":23,"column":24}}],"line":21},"1":{"loc":{"start":{"line":21,"column":16},"end":{"line":21,"column":35}},"type":"binary-expr","locations":[{"start":{"line":21,"column":16},"end":{"line":21,"column":20}},{"start":{"line":21,"column":24},"end":{"line":21,"column":35}}],"line":21},"2":{"loc":{"start":{"line":28,"column":20},"end":{"line":30,"column":30}},"type":"cond-expr","locations":[{"start":{"line":29,"column":24},"end":{"line":29,"column":73}},{"start":{"line":30,"column":26},"end":{"line":30,"column":30}}],"line":28},"3":{"loc":{"start":{"line":28,"column":20},"end":{"line":28,"column":37}},"type":"binary-expr","locations":[{"start":{"line":28,"column":20},"end":{"line":28,"column":24}},{"start":{"line":28,"column":28},"end":{"line":28,"column":37}}],"line":28},"4":{"loc":{"start":{"line":33,"column":20},"end":{"line":35,"column":30}},"type":"cond-expr","locations":[{"start":{"line":34,"column":24},"end":{"line":34,"column":109}},{"start":{"line":35,"column":26},"end":{"line":35,"column":30}}],"line":33}},"s":{"0":2,"1":5,"2":2},"f":{"0":5},"b":{"0":[4,1],"1":[5,4],"2":[4,1],"3":[5,4],"4":[2,3]},"_coverageSchema":"43e27e138ebf9cfc5966b082cf9a028302ed4184","hash":"9d2f1335f03ff90e0a8be3159c2543a1baf14c0e"}
,"/Users/mihaicociurca/Desktop/FeedExercise/App/components/UserPost.tsx": {"path":"/Users/mihaicociurca/Desktop/FeedExercise/App/components/UserPost.tsx","statementMap":{"0":{"start":{"line":8,"column":13},"end":{"line":8,"column":30}},"1":{"start":{"line":15,"column":4},"end":{"line":34,"column":5}},"2":{"start":{"line":37,"column":15},"end":{"line":74,"column":2}}},"fnMap":{"0":{"name":"UserPost","decl":{"start":{"line":14,"column":24},"end":{"line":14,"column":32}},"loc":{"start":{"line":14,"column":64},"end":{"line":35,"column":1}},"line":14}},"branchMap":{"0":{"loc":{"start":{"line":19,"column":20},"end":{"line":20,"column":90}},"type":"cond-expr","locations":[{"start":{"line":20,"column":24},"end":{"line":20,"column":83}},{"start":{"line":20,"column":86},"end":{"line":20,"column":90}}],"line":19},"1":{"loc":{"start":{"line":19,"column":20},"end":{"line":19,"column":38}},"type":"binary-expr","locations":[{"start":{"line":19,"column":20},"end":{"line":19,"column":24}},{"start":{"line":19,"column":28},"end":{"line":19,"column":38}}],"line":19},"2":{"loc":{"start":{"line":24,"column":20},"end":{"line":28,"column":38}},"type":"cond-expr","locations":[{"start":{"line":25,"column":24},"end":{"line":28,"column":31}},{"start":{"line":28,"column":34},"end":{"line":28,"column":38}}],"line":24},"3":{"loc":{"start":{"line":24,"column":20},"end":{"line":24,"column":56}},"type":"binary-expr","locations":[{"start":{"line":24,"column":20},"end":{"line":24,"column":24}},{"start":{"line":24,"column":28},"end":{"line":24,"column":38}},{"start":{"line":24,"column":42},"end":{"line":24,"column":56}}],"line":24}},"s":{"0":1,"1":4,"2":1},"f":{"0":4},"b":{"0":[2,2],"1":[4,3],"2":[1,3],"3":[4,3,1]},"_coverageSchema":"43e27e138ebf9cfc5966b082cf9a028302ed4184","hash":"bf9f844be17db0716b50680f635f1ec8e2b2f028"}
,"/Users/mihaicociurca/Desktop/FeedExercise/App/utils/colors.ts": {"path":"/Users/mihaicociurca/Desktop/FeedExercise/App/utils/colors.ts","statementMap":{"0":{"start":{"line":1,"column":22},"end":{"line":12,"column":1}}},"fnMap":{},"branchMap":{},"s":{"0":3},"f":{},"b":{},"_coverageSchema":"43e27e138ebf9cfc5966b082cf9a028302ed4184","hash":"0fe354dedcc00701638a8337fe138c5737dd5667"}
}
