TN:
SF:/Users/mihaicociurca/Desktop/FeedExercise/App/assets/fonts.ts
FNF:0
FNH:0
DA:3,3
LF:1
LH:1
BRDA:3,0,0,3
BRDA:3,0,1,0
BRF:2
BRH:1
end_of_record
TN:
SF:/Users/mihaicociurca/Desktop/FeedExercise/App/assets/images.ts
FNF:0
FNH:0
DA:1,1
LF:1
LH:1
BRF:0
BRH:0
end_of_record
TN:
SF:/Users/mihaicociurca/Desktop/FeedExercise/App/assets/images/chevron-left.png
FNF:0
FNH:0
DA:1,1
LF:1
LH:1
BRF:0
BRH:0
end_of_record
TN:
SF:/Users/mihaicociurca/Desktop/FeedExercise/App/assets/images/heart.png
FNF:0
FNH:0
DA:1,1
LF:1
LH:1
BRF:0
BRH:0
end_of_record
TN:
SF:/Users/mihaicociurca/Desktop/FeedExercise/App/assets/images/message-circle.png
FNF:0
FNH:0
DA:1,1
LF:1
LH:1
BRF:0
BRH:0
end_of_record
TN:
SF:/Users/mihaicociurca/Desktop/FeedExercise/App/components/Divider.tsx
FN:8,Divider
FNF:1
FNH:1
FNDA:10,Divider
DA:9,10
DA:14,2
LF:2
LH:2
BRF:0
BRH:0
end_of_record
TN:
SF:/Users/mihaicociurca/Desktop/FeedExercise/App/components/InfoView.tsx
FN:12,InfoView
FNF:1
FNH:1
FNDA:4,InfoView
DA:13,4
DA:21,1
LF:2
LH:2
BRF:0
BRH:0
end_of_record
TN:
SF:/Users/mihaicociurca/Desktop/FeedExercise/App/components/PostCell.tsx
FN:19,PostCell
FNF:1
FNH:1
FNDA:6,PostCell
DA:21,6
DA:58,1
LF:2
LH:2
BRDA:24,0,0,2
BRDA:24,0,1,4
BRDA:24,1,0,6
BRDA:24,1,1,5
BRDA:32,2,0,2
BRDA:32,2,1,4
BRDA:32,3,0,6
BRDA:32,3,1,5
BRDA:38,4,0,2
BRDA:38,4,1,4
BRDA:38,5,0,6
BRDA:38,5,1,5
BRDA:44,6,0,2
BRDA:44,6,1,4
BRDA:44,7,0,6
BRDA:44,7,1,5
BRDA:44,7,2,2
BRF:17
BRH:17
end_of_record
TN:
SF:/Users/mihaicociurca/Desktop/FeedExercise/App/components/UserHeader.tsx
FN:17,UserHeader
FNF:1
FNH:1
FNDA:5,UserHeader
DA:7,2
DA:18,5
DA:43,2
LF:3
LH:3
BRDA:21,0,0,4
BRDA:21,0,1,1
BRDA:21,1,0,5
BRDA:21,1,1,4
BRDA:28,2,0,4
BRDA:28,2,1,1
BRDA:28,3,0,5
BRDA:28,3,1,4
BRDA:33,4,0,2
BRDA:33,4,1,3
BRF:10
BRH:10
end_of_record
TN:
SF:/Users/mihaicociurca/Desktop/FeedExercise/App/components/UserPost.tsx
FN:14,UserPost
FNF:1
FNH:1
FNDA:4,UserPost
DA:8,1
DA:15,4
DA:37,1
LF:3
LH:3
BRDA:19,0,0,2
BRDA:19,0,1,2
BRDA:19,1,0,4
BRDA:19,1,1,3
BRDA:24,2,0,1
BRDA:24,2,1,3
BRDA:24,3,0,4
BRDA:24,3,1,3
BRDA:24,3,2,1
BRF:9
BRH:9
end_of_record
TN:
SF:/Users/mihaicociurca/Desktop/FeedExercise/App/utils/colors.ts
FNF:0
FNH:0
DA:1,3
LF:1
LH:1
BRF:0
BRH:0
end_of_record
